# JRE version: Java(TM) SE Runtime Environment 18.9 (11.0.12+8) (build 11.0.12+8-LTS-237)
# Java VM: Java HotSpot(TM) 64-Bit Server VM 18.9 (11.0.12+8-LTS-237, mixed mode, tiered, compressed oops, g1 gc, windows-amd64)
Heap:
 garbage-first heap   total 273408K, used 28306K [0x0000000722200000, 0x0000000800000000)
  region size 1024K, 7 young (7168K), 2 survivors (2048K)
 Metaspace       used 35560K, capacity 36344K, committed 36524K, reserved 1081344K
  class space    used 3734K, capacity 4028K, committed 4096K, reserved 1048576K
GC Heap History (10 events):
Event: 0.531 GC heap before
{Heap before GC invocations=0 (full 0):
 garbage-first heap   total 227328K, used 23552K [0x0000000722200000, 0x0000000800000000)
  region size 1024K, 24 young (24576K), 0 survivors (0K)
 Metaspace       used 12670K, capacity 12956K, committed 13184K, reserved 1060864K
  class space    used 1293K, capacity 1381K, committed 1408K, reserved 1048576K
}
Event: 0.537 GC heap after
{Heap after GC invocations=1 (full 0):
 garbage-first heap   total 227328K, used 3352K [0x0000000722200000, 0x0000000800000000)
  region size 1024K, 3 young (3072K), 3 survivors (3072K)
 Metaspace       used 12670K, capacity 12956K, committed 13184K, reserved 1060864K
  class space    used 1293K, capacity 1381K, committed 1408K, reserved 1048576K
}
Event: 1.777 GC heap before
{Heap before GC invocations=1 (full 0):
 garbage-first heap   total 227328K, used 97560K [0x0000000722200000, 0x0000000800000000)
  region size 1024K, 96 young (98304K), 3 survivors (3072K)
 Metaspace       used 20751K, capacity 21022K, committed 21248K, reserved 1069056K
  class space    used 2192K, capacity 2285K, committed 2304K, reserved 1048576K
}
Event: 1.795 GC heap after
{Heap after GC invocations=2 (full 0):
 garbage-first heap   total 227328K, used 11534K [0x0000000722200000, 0x0000000800000000)
  region size 1024K, 11 young (11264K), 11 survivors (11264K)
 Metaspace       used 20751K, capacity 21022K, committed 21248K, reserved 1069056K
  class space    used 2192K, capacity 2285K, committed 2304K, reserved 1048576K
}
Event: 3.397 GC heap before
{Heap before GC invocations=3 (full 0):
 garbage-first heap   total 227328K, used 108814K [0x0000000722200000, 0x0000000800000000)
  region size 1024K, 106 young (108544K), 11 survivors (11264K)
 Metaspace       used 30082K, capacity 30638K, committed 30848K, reserved 1077248K
  class space    used 3235K, capacity 3453K, committed 3456K, reserved 1048576K
}
Event: 3.412 GC heap after
{Heap after GC invocations=4 (full 0):
 garbage-first heap   total 227328K, used 21648K [0x0000000722200000, 0x0000000800000000)
  region size 1024K, 10 young (10240K), 10 survivors (10240K)
 Metaspace       used 30082K, capacity 30638K, committed 30848K, reserved 1077248K
  class space    used 3235K, capacity 3453K, committed 3456K, reserved 1048576K
}
Event: 4.745 GC heap before
{Heap before GC invocations=4 (full 0):
 garbage-first heap   total 227328K, used 126096K [0x0000000722200000, 0x0000000800000000)
  region size 1024K, 113 young (115712K), 10 survivors (10240K)
 Metaspace       used 33758K, capacity 34476K, committed 34688K, reserved 1079296K
  class space    used 3582K, capacity 3850K, committed 3968K, reserved 1048576K
}
Event: 4.760 GC heap after
{Heap after GC invocations=5 (full 0):
 garbage-first heap   total 227328K, used 33657K [0x0000000722200000, 0x0000000800000000)
  region size 1024K, 15 young (15360K), 15 survivors (15360K)
 Metaspace       used 33758K, capacity 34476K, committed 34688K, reserved 1079296K
  class space    used 3582K, capacity 3850K, committed 3968K, reserved 1048576K
}
Event: 5.215 GC heap before
{Heap before GC invocations=5 (full 0):
 garbage-first heap   total 227328K, used 71545K [0x0000000722200000, 0x0000000800000000)
  region size 1024K, 53 young (54272K), 15 survivors (15360K)
 Metaspace       used 34862K, capacity 35556K, committed 35628K, reserved 1081344K
  class space    used 3668K, capacity 3956K, committed 3968K, reserved 1048576K
}
Event: 5.221 GC heap after
{Heap after GC invocations=6 (full 0):
 garbage-first heap   total 273408K, used 24210K [0x0000000722200000, 0x0000000800000000)
  region size 1024K, 2 young (2048K), 2 survivors (2048K)
 Metaspace       used 34862K, capacity 35556K, committed 35628K, reserved 1081344K
  class space    used 3668K, capacity 3956K, committed 3968K, reserved 1048576K
}

